<?xml version="1.0" encoding="UTF-8" ?>
<testsuite tests="6" failures="1" name="test_runner.RunCucumberTest" time="2.133" errors="1" skipped="0">
  <properties>
    <property name="java.runtime.name" value="Java(TM) SE Runtime Environment"/>
    <property name="sun.boot.library.path" value="/Library/Java/JavaVirtualMachines/jdk1.8.0_66.jdk/Contents/Home/jre/lib"/>
    <property name="java.vm.version" value="25.66-b17"/>
    <property name="user.country.format" value="MX"/>
    <property name="gopherProxySet" value="false"/>
    <property name="java.vm.vendor" value="Oracle Corporation"/>
    <property name="maven.multiModuleProjectDirectory" value="/Users/admin/Projects/n26/n26-task3"/>
    <property name="java.vendor.url" value="http://java.oracle.com/"/>
    <property name="path.separator" value=":"/>
    <property name="guice.disable.misplaced.annotation.check" value="true"/>
    <property name="java.vm.name" value="Java HotSpot(TM) 64-Bit Server VM"/>
    <property name="file.encoding.pkg" value="sun.io"/>
    <property name="user.country" value="US"/>
    <property name="sun.java.launcher" value="SUN_STANDARD"/>
    <property name="sun.os.patch.level" value="unknown"/>
    <property name="java.vm.specification.name" value="Java Virtual Machine Specification"/>
    <property name="user.dir" value="/Users/admin/Projects/n26/n26-task3"/>
    <property name="java.runtime.version" value="1.8.0_66-b17"/>
    <property name="java.awt.graphicsenv" value="sun.awt.CGraphicsEnvironment"/>
    <property name="java.endorsed.dirs" value="/Library/Java/JavaVirtualMachines/jdk1.8.0_66.jdk/Contents/Home/jre/lib/endorsed"/>
    <property name="os.arch" value="x86_64"/>
    <property name="java.io.tmpdir" value="/var/folders/tw/97y_m3d16ps11ksn5jclm0wr0000gn/T/"/>
    <property name="line.separator" value="
"/>
    <property name="java.vm.specification.vendor" value="Oracle Corporation"/>
    <property name="os.name" value="Mac OS X"/>
    <property name="classworlds.conf" value="/usr/local/apache-maven-3.3.9/bin/m2.conf"/>
    <property name="sun.jnu.encoding" value="UTF-8"/>
    <property name="java.library.path" value="/Users/admin/Library/Java/Extensions:/Library/Java/Extensions:/Network/Library/Java/Extensions:/System/Library/Java/Extensions:/usr/lib/java:."/>
    <property name="java.specification.name" value="Java Platform API Specification"/>
    <property name="java.class.version" value="52.0"/>
    <property name="sun.management.compiler" value="HotSpot 64-Bit Tiered Compilers"/>
    <property name="os.version" value="10.13.3"/>
    <property name="http.nonProxyHosts" value="local|*.local|169.254/16|*.169.254/16"/>
    <property name="user.home" value="/Users/admin"/>
    <property name="user.timezone" value="Europe/Berlin"/>
    <property name="java.awt.printerjob" value="sun.lwawt.macosx.CPrinterJob"/>
    <property name="java.specification.version" value="1.8"/>
    <property name="file.encoding" value="UTF-8"/>
    <property name="user.name" value="admin"/>
    <property name="java.class.path" value="/usr/local/apache-maven-3.3.9/boot/plexus-classworlds-2.5.2.jar"/>
    <property name="java.vm.specification.version" value="1.8"/>
    <property name="sun.arch.data.model" value="64"/>
    <property name="java.home" value="/Library/Java/JavaVirtualMachines/jdk1.8.0_66.jdk/Contents/Home/jre"/>
    <property name="sun.java.command" value="org.codehaus.plexus.classworlds.launcher.Launcher clean test"/>
    <property name="java.specification.vendor" value="Oracle Corporation"/>
    <property name="user.language" value="en"/>
    <property name="awt.toolkit" value="sun.lwawt.macosx.LWCToolkit"/>
    <property name="java.vm.info" value="mixed mode"/>
    <property name="java.version" value="1.8.0_66"/>
    <property name="java.ext.dirs" value="/Users/admin/Library/Java/Extensions:/Library/Java/JavaVirtualMachines/jdk1.8.0_66.jdk/Contents/Home/jre/lib/ext:/Library/Java/Extensions:/Network/Library/Java/Extensions:/System/Library/Java/Extensions:/usr/lib/java"/>
    <property name="sun.boot.class.path" value="/Library/Java/JavaVirtualMachines/jdk1.8.0_66.jdk/Contents/Home/jre/lib/resources.jar:/Library/Java/JavaVirtualMachines/jdk1.8.0_66.jdk/Contents/Home/jre/lib/rt.jar:/Library/Java/JavaVirtualMachines/jdk1.8.0_66.jdk/Contents/Home/jre/lib/sunrsasign.jar:/Library/Java/JavaVirtualMachines/jdk1.8.0_66.jdk/Contents/Home/jre/lib/jsse.jar:/Library/Java/JavaVirtualMachines/jdk1.8.0_66.jdk/Contents/Home/jre/lib/jce.jar:/Library/Java/JavaVirtualMachines/jdk1.8.0_66.jdk/Contents/Home/jre/lib/charsets.jar:/Library/Java/JavaVirtualMachines/jdk1.8.0_66.jdk/Contents/Home/jre/lib/jfr.jar:/Library/Java/JavaVirtualMachines/jdk1.8.0_66.jdk/Contents/Home/jre/classes"/>
    <property name="java.vendor" value="Oracle Corporation"/>
    <property name="maven.home" value="/usr/local/apache-maven-3.3.9"/>
    <property name="file.separator" value="/"/>
    <property name="java.vendor.url.bug" value="http://bugreport.sun.com/bugreport/"/>
    <property name="sun.cpu.endian" value="little"/>
    <property name="sun.io.unicode.encoding" value="UnicodeBig"/>
    <property name="socksNonProxyHosts" value="local|*.local|169.254/16|*.169.254/16"/>
    <property name="ftp.nonProxyHosts" value="local|*.local|169.254/16|*.169.254/16"/>
    <property name="sun.cpu.isalist" value=""/>
  </properties>
  <testcase classname="Services scenarios" name="POST services" time="1.639">
    <error message="Status code is not 200: 201

{
    &quot;createdAt&quot;: &quot;2018-03-03T23:25:12.383Z&quot;,
    &quot;name&quot;: &quot;POST service&quot;,
    &quot;id&quot;: 126,
    &quot;updatedAt&quot;: &quot;2018-03-03T23:25:12.383Z&quot;
}" type="java.lang.IllegalStateException">java.lang.IllegalStateException: Status code is not 200: 201

{
    &quot;createdAt&quot;: &quot;2018-03-03T23:25:12.383Z&quot;,
    &quot;name&quot;: &quot;POST service&quot;,
    &quot;id&quot;: 126,
    &quot;updatedAt&quot;: &quot;2018-03-03T23:25:12.383Z&quot;
}
	at api.APICore.verifyLastStatusCode(APICore.java:265)
	at stepdefs_api.ServicesDef.lastResponseShouldHaveStatus(ServicesDef.java:70)
	at ✽.last response should have status &apos;200&apos;(src/test/resources/features/Services.feature:16)
</error>
    <system-out>@API @services
Feature: Services scenarios

  @API @services
  Scenario: POST services                       &amp;#27;[90m# src/test/resources/features/Services.feature:9&amp;#27;[0m
    &amp;#27;[32mWhen &amp;#27;[0m&amp;#27;[32mPOST services is sent with body&amp;#27;[0m        &amp;#27;[90m# ServicesDef.postServiceWithAttributes(String)&amp;#27;[0m
    &amp;#27;[31mThen &amp;#27;[0m&amp;#27;[31mlast response should have status &apos;&amp;#27;[0m&amp;#27;[31m&amp;#27;[1m200&amp;#27;[0m&amp;#27;[31m&apos;&amp;#27;[0m &amp;#27;[90m# ServicesDef.lastResponseShouldHaveStatus(int)&amp;#27;[0m
      &amp;#27;[31mjava.lang.IllegalStateException: Status code is not 200: 201

{
    &quot;createdAt&quot;: &quot;2018-03-03T23:25:12.383Z&quot;,
    &quot;name&quot;: &quot;POST service&quot;,
    &quot;id&quot;: 126,
    &quot;updatedAt&quot;: &quot;2018-03-03T23:25:12.383Z&quot;
}
	at api.APICore.verifyLastStatusCode(APICore.java:265)
	at stepdefs_api.ServicesDef.lastResponseShouldHaveStatus(ServicesDef.java:70)
	at ✽.last response should have status &apos;200&apos;(src/test/resources/features/Services.feature:16)
&amp;#27;[0m
    &amp;#27;[36mAnd &amp;#27;[0m&amp;#27;[36mlast response should be empty&amp;#27;[0m           &amp;#27;[90m# ServicesDef.lastResponseShouldBeEmpty()&amp;#27;[0m
</system-out>
    <system-err>WARNING: Found tags option &apos;~@excluded&apos;. Support for &apos;~@tag&apos; will be removed from the next release of Cucumber-JVM. Please use &apos;not @tag&apos; instead.
</system-err>
  </testcase>
  <testcase classname="Services scenarios" name="POST services. GET services/{id}" time="0.238"/>
  <testcase classname="Services scenarios" name="GET services" time="0.021"/>
  <testcase classname="Services scenarios" name="PATCH services." time="0.102"/>
  <testcase classname="Services scenarios" name="DELETE services" time="0.042">
    <failure message="Last Response is not empty" type="java.lang.AssertionError">java.lang.AssertionError: Last Response is not empty
	at org.junit.Assert.fail(Assert.java:88)
	at org.junit.Assert.assertTrue(Assert.java:41)
	at org.junit.Assert.assertFalse(Assert.java:64)
	at stepdefs_api.ServicesDef.lastResponseShouldBeEmpty(ServicesDef.java:65)
	at ✽.last response should be empty(src/test/resources/features/Services.feature:82)
</failure>
    <system-out>
  @API @services
  Scenario: DELETE services                     &amp;#27;[90m# src/test/resources/features/Services.feature:73&amp;#27;[0m
    &amp;#27;[32mGiven &amp;#27;[0m&amp;#27;[32mPOST services is sent with body&amp;#27;[0m       &amp;#27;[90m# ServicesDef.postServiceWithAttributes(String)&amp;#27;[0m
url test 129
    &amp;#27;[32mWhen &amp;#27;[0m&amp;#27;[32mDELETE last created service is sent&amp;#27;[0m    &amp;#27;[90m# ServicesDef.deleteLastCreatedService()&amp;#27;[0m
    &amp;#27;[32mThen &amp;#27;[0m&amp;#27;[32mlast response should have status &apos;&amp;#27;[0m&amp;#27;[32m&amp;#27;[1m200&amp;#27;[0m&amp;#27;[32m&apos;&amp;#27;[0m &amp;#27;[90m# ServicesDef.lastResponseShouldHaveStatus(int)&amp;#27;[0m
    &amp;#27;[31mAnd &amp;#27;[0m&amp;#27;[31mlast response should be empty&amp;#27;[0m           &amp;#27;[90m# ServicesDef.lastResponseShouldBeEmpty()&amp;#27;[0m
      &amp;#27;[31mjava.lang.AssertionError: Last Response is not empty
	at org.junit.Assert.fail(Assert.java:88)
	at org.junit.Assert.assertTrue(Assert.java:41)
	at org.junit.Assert.assertFalse(Assert.java:64)
	at stepdefs_api.ServicesDef.lastResponseShouldBeEmpty(ServicesDef.java:65)
	at ✽.last response should be empty(src/test/resources/features/Services.feature:82)
&amp;#27;[0m
</system-out>
  </testcase>
  <testcase classname="Services scenarios" name="GET deleted service by ID" time="0.091"/>
</testsuite>